
> frontend@0.1.0 build
> next build

node.exe : ΓÜá Warning: Next.js 
inferred your workspace root, but it 
may not be correct.
At line:1 char:1
+ & "C:\Program Files\nodejs/node.exe" 
"C:\Program Files\nodejs/node_mo ...
+ ~~~~~~~~~~~~~~~~~~~~~~~~~~~~~~~~~~~~~
~~~~~~~~~~~~~~~~~~~~~~~~~~~~~~~~
    + CategoryInfo          : 
NotSpecified    : (ΓÜá Warning: 
Ne...not be correct.:S    tring) [], 
RemoteException
    + FullyQualifiedErrorId : 
NativeComman    dError
 
 We detected multiple lockfiles and 
selected the directory of E:\Talent_con
nect_dev\package-lock.json as the root 
directory.
 To silence this warning, set 
`turbopack.root` in your Next.js 
config, or consider removing one of 
the lockfiles if it's not needed.
   See https://nextjs.org/docs/app/api-
reference/config/next-config-js/turbopa
ck#root-directory for more information.
 Detected additional lockfiles: 
   * E:\Talent_connect_dev\Talent_Conne
ct_frontend\package-lock.json

Γû▓ Next.js 16.1.6 (Turbopack)
- Environments: .env

  Creating an optimized production build ...
/*! ≡ƒî╝ daisyUI 5.5.19 */
Γ£ô Compiled successfully in 1432.0ms
  Running TypeScript ...
Failed to compile.

./components2/common/ConfirmDialogHOC.t
sx:2:30
Type error: Cannot find module 
'@/store/common/confirmSlice' or its 
corresponding type declarations.

[0m [90m 1 |[39m [32m"use 
client"[39m[33m;[39m
[31m[1m>[22m[39m[90m 2 |[39m 
[36mimport[39m { closeConfirm } 
[36mfrom[39m [32m"@/store/common/con
firmSlice"[39m[33m;[39m
 [90m   |[39m                        
      [31m[1m^[22m[39m
 [90m 3 |[39m [36mimport[39m { 
[33mRootState[39m } [36mfrom[39m 
[32m"@/store/store"[39m[33m;[39m
 [90m 4 |[39m [36mimport[39m 
[33mReact[39m[33m,[39m { useEffect 
} [36mfrom[39m 
[32m"react"[39m[33m;[39m
 [90m 5 |[39m [36mimport[39m { 
useSelector[33m,[39m useDispatch } 
[36mfrom[39m 
[32m"react-redux"[39m[33m;[39m[0m
Next.js build worker exited with code: 
1 and signal: null
